0 info it worked if it ends with ok
1 verbose cli [ '/usr/local/bin/node', '/usr/local/bin/npm', 'run', 'build' ]
2 info using npm@3.10.3
3 info using node@v6.3.1
4 verbose run-script [ 'prebuild', 'build', 'postbuild' ]
5 info lifecycle qn-tools@0.0.1~prebuild: qn-tools@0.0.1
6 silly lifecycle qn-tools@0.0.1~prebuild: no script for prebuild, continuing
7 info lifecycle qn-tools@0.0.1~build: qn-tools@0.0.1
8 verbose lifecycle qn-tools@0.0.1~build: unsafe-perm in lifecycle true
9 verbose lifecycle qn-tools@0.0.1~build: PATH: /usr/local/lib/node_modules/npm/bin/node-gyp-bin:/Users/coolcao/mycode/coolcao/qn-tools/node_modules/.bin:/usr/local/bin:/usr/local/bin:/usr/bin:/bin:/usr/sbin:/sbin:/Library/Frameworks/Mono.framework/Versions/Current/Commands
10 verbose lifecycle qn-tools@0.0.1~build: CWD: /Users/coolcao/mycode/coolcao/qn-tools
11 silly lifecycle qn-tools@0.0.1~build: Args: [ '-c',
11 silly lifecycle   'electron-packager ./app qn-tools --platform darwin --arch x64     --out ./OutApp --version 0.37.3 --overwrite ' ]
12 silly lifecycle qn-tools@0.0.1~build: Returned: code: 1  signal: null
13 info lifecycle qn-tools@0.0.1~build: Failed to exec build script
14 verbose stack Error: qn-tools@0.0.1 build: `electron-packager ./app qn-tools --platform darwin --arch x64     --out ./OutApp --version 0.37.3 --overwrite `
14 verbose stack Exit status 1
14 verbose stack     at EventEmitter.<anonymous> (/usr/local/lib/node_modules/npm/lib/utils/lifecycle.js:242:16)
14 verbose stack     at emitTwo (events.js:106:13)
14 verbose stack     at EventEmitter.emit (events.js:191:7)
14 verbose stack     at ChildProcess.<anonymous> (/usr/local/lib/node_modules/npm/lib/utils/spawn.js:40:14)
14 verbose stack     at emitTwo (events.js:106:13)
14 verbose stack     at ChildProcess.emit (events.js:191:7)
14 verbose stack     at maybeClose (internal/child_process.js:852:16)
14 verbose stack     at Process.ChildProcess._handle.onexit (internal/child_process.js:215:5)
15 verbose pkgid qn-tools@0.0.1
16 verbose cwd /Users/coolcao/mycode/coolcao/qn-tools
17 error Darwin 16.1.0
18 error argv "/usr/local/bin/node" "/usr/local/bin/npm" "run" "build"
19 error node v6.3.1
20 error npm  v3.10.3
21 error code ELIFECYCLE
22 error qn-tools@0.0.1 build: `electron-packager ./app qn-tools --platform darwin --arch x64     --out ./OutApp --version 0.37.3 --overwrite `
22 error Exit status 1
23 error Failed at the qn-tools@0.0.1 build script 'electron-packager ./app qn-tools --platform darwin --arch x64     --out ./OutApp --version 0.37.3 --overwrite '.
23 error Make sure you have the latest version of node.js and npm installed.
23 error If you do, this is most likely a problem with the qn-tools package,
23 error not with npm itself.
23 error Tell the author that this fails on your system:
23 error     electron-packager ./app qn-tools --platform darwin --arch x64     --out ./OutApp --version 0.37.3 --overwrite
23 error You can get information on how to open an issue for this project with:
23 error     npm bugs qn-tools
23 error Or if that isn't available, you can get their info via:
23 error     npm owner ls qn-tools
23 error There is likely additional logging output above.
24 verbose exit [ 1, true ]
